2025-03-07T11:19:04.653+05:30  INFO 35256 --- [security-service] [restartedMain] com.SpringSecurityLatestApplication      : Starting SpringSecurityLatestApplication using Java 21.0.5 with PID 35256 (C:\Project\Chronotimer\Security-Service\target\classes started by 2380232 in C:\Project\Chronotimer\Security-Service)
2025-03-07T11:19:04.745+05:30  INFO 35256 --- [security-service] [restartedMain] com.SpringSecurityLatestApplication      : No active profile set, falling back to 1 default profile: "default"
2025-03-07T11:19:04.904+05:30  INFO 35256 --- [security-service] [restartedMain] o.s.c.c.c.ConfigServerConfigDataLoader   : Fetching config from server at : http://localhost:1233
2025-03-07T11:19:04.905+05:30  INFO 35256 --- [security-service] [restartedMain] o.s.c.c.c.ConfigServerConfigDataLoader   : Located environment: name=security-service, profiles=[default], label=null, version=f4b0d06ba45c592ffa4e69ba5e63c36cf49f9f5b, state=
2025-03-07T11:19:04.914+05:30  INFO 35256 --- [security-service] [restartedMain] .e.DevToolsPropertyDefaultsPostProcessor : Devtools property defaults active! Set 'spring.devtools.add-properties' to 'false' to disable
2025-03-07T11:19:04.915+05:30  INFO 35256 --- [security-service] [restartedMain] .e.DevToolsPropertyDefaultsPostProcessor : For additional web related logging consider setting the 'logging.level.web' property to 'DEBUG'
2025-03-07T11:19:10.737+05:30  INFO 35256 --- [security-service] [restartedMain] .s.d.r.c.RepositoryConfigurationDelegate : Bootstrapping Spring Data JPA repositories in DEFAULT mode.
2025-03-07T11:19:12.704+05:30  INFO 35256 --- [security-service] [restartedMain] .s.d.r.c.RepositoryConfigurationDelegate : Finished Spring Data repository scanning in 1945 ms. Found 1 JPA repository interface.
2025-03-07T11:19:13.688+05:30  INFO 35256 --- [security-service] [restartedMain] o.s.cloud.context.scope.GenericScope     : BeanFactory id=ae58a716-3a82-3535-ab1b-64723b927693
2025-03-07T11:19:15.217+05:30  INFO 35256 --- [security-service] [restartedMain] o.s.b.w.embedded.tomcat.TomcatWebServer  : Tomcat initialized with port 9194 (http)
2025-03-07T11:19:15.250+05:30  INFO 35256 --- [security-service] [restartedMain] o.apache.catalina.core.StandardService   : Starting service [Tomcat]
2025-03-07T11:19:15.251+05:30  INFO 35256 --- [security-service] [restartedMain] o.apache.catalina.core.StandardEngine    : Starting Servlet engine: [Apache Tomcat/10.1.34]
2025-03-07T11:19:15.465+05:30  INFO 35256 --- [security-service] [restartedMain] o.a.c.c.C.[Tomcat].[localhost].[/]       : Initializing Spring embedded WebApplicationContext
2025-03-07T11:19:15.467+05:30  INFO 35256 --- [security-service] [restartedMain] w.s.c.ServletWebServerApplicationContext : Root WebApplicationContext: initialization completed in 10549 ms
2025-03-07T11:19:16.048+05:30  INFO 35256 --- [security-service] [restartedMain] o.hibernate.jpa.internal.util.LogHelper  : HHH000204: Processing PersistenceUnitInfo [name: default]
2025-03-07T11:19:16.202+05:30  INFO 35256 --- [security-service] [restartedMain] org.hibernate.Version                    : HHH000412: Hibernate ORM core version 6.6.5.Final
2025-03-07T11:19:16.296+05:30  INFO 35256 --- [security-service] [restartedMain] o.h.c.internal.RegionFactoryInitiator    : HHH000026: Second-level cache disabled
2025-03-07T11:19:17.093+05:30  INFO 35256 --- [security-service] [restartedMain] o.s.o.j.p.SpringPersistenceUnitInfo      : No LoadTimeWeaver setup: ignoring JPA class transformer
2025-03-07T11:19:17.182+05:30  INFO 35256 --- [security-service] [restartedMain] com.zaxxer.hikari.HikariDataSource       : HikariPool-1 - Starting...
2025-03-07T11:19:17.971+05:30  INFO 35256 --- [security-service] [restartedMain] com.zaxxer.hikari.pool.HikariPool        : HikariPool-1 - Added connection com.mysql.cj.jdbc.ConnectionImpl@5cf8c4eb
2025-03-07T11:19:17.976+05:30  INFO 35256 --- [security-service] [restartedMain] com.zaxxer.hikari.HikariDataSource       : HikariPool-1 - Start completed.
2025-03-07T11:19:18.149+05:30  INFO 35256 --- [security-service] [restartedMain] org.hibernate.orm.connections.pooling    : HHH10001005: Database info:
	Database JDBC URL [Connecting through datasource 'HikariDataSource (HikariPool-1)']
	Database driver: undefined/unknown
	Database version: 8.0.40
	Autocommit mode: undefined/unknown
	Isolation level: undefined/unknown
	Minimum pool size: undefined/unknown
	Maximum pool size: undefined/unknown
2025-03-07T11:19:20.290+05:30  INFO 35256 --- [security-service] [restartedMain] o.h.e.t.j.p.i.JtaPlatformInitiator       : HHH000489: No JTA platform available (set 'hibernate.transaction.jta.platform' to enable JTA platform integration)
2025-03-07T11:19:20.450+05:30  INFO 35256 --- [security-service] [restartedMain] j.LocalContainerEntityManagerFactoryBean : Initialized JPA EntityManagerFactory for persistence unit 'default'
2025-03-07T11:19:21.250+05:30  WARN 35256 --- [security-service] [restartedMain] JpaBaseConfiguration$JpaWebConfiguration : spring.jpa.open-in-view is enabled by default. Therefore, database queries may be performed during view rendering. Explicitly configure spring.jpa.open-in-view to disable this warning
2025-03-07T11:19:21.366+05:30  WARN 35256 --- [security-service] [restartedMain] o.s.b.d.a.OptionalLiveReloadServer       : Unable to start LiveReload server
2025-03-07T11:19:21.525+05:30  INFO 35256 --- [security-service] [restartedMain] o.s.c.openfeign.FeignClientFactoryBean   : For 'REMARKS' URL not provided. Will try picking an instance via load-balancing.
2025-03-07T11:19:21.673+05:30  INFO 35256 --- [security-service] [restartedMain] o.s.c.openfeign.FeignClientFactoryBean   : For 'TIMER' URL not provided. Will try picking an instance via load-balancing.
2025-03-07T11:19:21.803+05:30  INFO 35256 --- [security-service] [restartedMain] eAuthenticationProviderManagerConfigurer : Global AuthenticationManager configured with AuthenticationProvider bean with name authenticationProvider
2025-03-07T11:19:21.804+05:30  WARN 35256 --- [security-service] [restartedMain] r$InitializeUserDetailsManagerConfigurer : Global AuthenticationManager configured with an AuthenticationProvider bean. UserDetailsService beans will not be used by Spring Security for automatically configuring username/password login. Consider removing the AuthenticationProvider bean. Alternatively, consider using the UserDetailsService in a manually instantiated DaoAuthenticationProvider. If the current configuration is intentional, to turn off this warning, increase the logging level of 'org.springframework.security.config.annotation.authentication.configuration.InitializeUserDetailsBeanManagerConfigurer' to ERROR
2025-03-07T11:19:23.163+05:30  INFO 35256 --- [security-service] [restartedMain] DiscoveryClientOptionalArgsConfiguration : Eureka HTTP Client uses RestTemplate.
2025-03-07T11:19:23.215+05:30  WARN 35256 --- [security-service] [restartedMain] iguration$LoadBalancerCaffeineWarnLogger : Spring Cloud LoadBalancer is currently working with the default cache. While this cache implementation is useful for development and tests, it's recommended to use Caffeine cache in production.You can switch to using Caffeine cache, by adding it and org.springframework.cache.caffeine.CaffeineCacheManager to the classpath.
2025-03-07T11:19:23.313+05:30  INFO 35256 --- [security-service] [restartedMain] o.s.c.n.eureka.InstanceInfoFactory       : Setting initial instance status as: STARTING
2025-03-07T11:19:23.360+05:30  INFO 35256 --- [security-service] [restartedMain] com.netflix.discovery.DiscoveryClient    : Initializing Eureka in region us-east-1
2025-03-07T11:19:23.367+05:30  INFO 35256 --- [security-service] [restartedMain] c.n.d.s.r.aws.ConfigClusterResolver      : Resolving eureka endpoints via configuration
2025-03-07T11:19:23.381+05:30  INFO 35256 --- [security-service] [restartedMain] com.netflix.discovery.DiscoveryClient    : Disable delta property : false
2025-03-07T11:19:23.383+05:30  INFO 35256 --- [security-service] [restartedMain] com.netflix.discovery.DiscoveryClient    : Single vip registry refresh property : null
2025-03-07T11:19:23.383+05:30  INFO 35256 --- [security-service] [restartedMain] com.netflix.discovery.DiscoveryClient    : Force full registry fetch : false
2025-03-07T11:19:23.383+05:30  INFO 35256 --- [security-service] [restartedMain] com.netflix.discovery.DiscoveryClient    : Application is null : false
2025-03-07T11:19:23.383+05:30  INFO 35256 --- [security-service] [restartedMain] com.netflix.discovery.DiscoveryClient    : Registered Applications size is zero : true
2025-03-07T11:19:23.383+05:30  INFO 35256 --- [security-service] [restartedMain] com.netflix.discovery.DiscoveryClient    : Application version is -1: true
2025-03-07T11:19:23.383+05:30  INFO 35256 --- [security-service] [restartedMain] com.netflix.discovery.DiscoveryClient    : Getting all instance registry info from the eureka server
2025-03-07T11:19:23.847+05:30  INFO 35256 --- [security-service] [restartedMain] com.netflix.discovery.DiscoveryClient    : The response status is 200
2025-03-07T11:19:23.851+05:30  INFO 35256 --- [security-service] [restartedMain] com.netflix.discovery.DiscoveryClient    : Starting heartbeat executor: renew interval is: 30
2025-03-07T11:19:23.854+05:30  INFO 35256 --- [security-service] [restartedMain] c.n.discovery.InstanceInfoReplicator     : InstanceInfoReplicator onDemand update allowed rate per min is 4
2025-03-07T11:19:23.856+05:30  INFO 35256 --- [security-service] [restartedMain] com.netflix.discovery.DiscoveryClient    : Discovery Client initialized at timestamp 1741326563855 with initial instances count: 0
2025-03-07T11:19:23.863+05:30  INFO 35256 --- [security-service] [restartedMain] o.s.c.n.e.s.EurekaServiceRegistry        : Registering application SECURITY-SERVICE with eureka with status UP
2025-03-07T11:19:23.864+05:30  INFO 35256 --- [security-service] [restartedMain] com.netflix.discovery.DiscoveryClient    : Saw local status change event StatusChangeEvent [timestamp=1741326563864, current=UP, previous=STARTING]
2025-03-07T11:19:23.868+05:30  INFO 35256 --- [security-service] [DiscoveryClient-InstanceInfoReplicator-%d] com.netflix.discovery.DiscoveryClient    : DiscoveryClient_SECURITY-SERVICE/LTIN564398.cts.com:security-service:9194: registering service...
2025-03-07T11:19:23.907+05:30  INFO 35256 --- [security-service] [restartedMain] o.s.b.w.embedded.tomcat.TomcatWebServer  : Tomcat started on port 9194 (http) with context path '/'
2025-03-07T11:19:23.908+05:30  INFO 35256 --- [security-service] [restartedMain] .s.c.n.e.s.EurekaAutoServiceRegistration : Updating port to 9194
2025-03-07T11:19:23.926+05:30  INFO 35256 --- [security-service] [restartedMain] com.SpringSecurityLatestApplication      : Started SpringSecurityLatestApplication in 31.412 seconds (process running for 33.977)
2025-03-07T11:19:23.948+05:30  INFO 35256 --- [security-service] [DiscoveryClient-InstanceInfoReplicator-%d] com.netflix.discovery.DiscoveryClient    : DiscoveryClient_SECURITY-SERVICE/LTIN564398.cts.com:security-service:9194 - registration status: 204
2025-03-07T11:19:53.863+05:30  INFO 35256 --- [security-service] [DiscoveryClient-CacheRefreshExecutor-%d] com.netflix.discovery.DiscoveryClient    : Disable delta property : false
2025-03-07T11:19:53.863+05:30  INFO 35256 --- [security-service] [DiscoveryClient-CacheRefreshExecutor-%d] com.netflix.discovery.DiscoveryClient    : Single vip registry refresh property : null
2025-03-07T11:19:53.863+05:30  INFO 35256 --- [security-service] [DiscoveryClient-CacheRefreshExecutor-%d] com.netflix.discovery.DiscoveryClient    : Force full registry fetch : false
2025-03-07T11:19:53.863+05:30  INFO 35256 --- [security-service] [DiscoveryClient-CacheRefreshExecutor-%d] com.netflix.discovery.DiscoveryClient    : Application is null : false
2025-03-07T11:19:53.864+05:30  INFO 35256 --- [security-service] [DiscoveryClient-CacheRefreshExecutor-%d] com.netflix.discovery.DiscoveryClient    : Registered Applications size is zero : true
2025-03-07T11:19:53.864+05:30  INFO 35256 --- [security-service] [DiscoveryClient-CacheRefreshExecutor-%d] com.netflix.discovery.DiscoveryClient    : Application version is -1: false
2025-03-07T11:19:53.865+05:30  INFO 35256 --- [security-service] [DiscoveryClient-CacheRefreshExecutor-%d] com.netflix.discovery.DiscoveryClient    : Getting all instance registry info from the eureka server
2025-03-07T11:19:53.914+05:30  INFO 35256 --- [security-service] [DiscoveryClient-CacheRefreshExecutor-%d] com.netflix.discovery.DiscoveryClient    : The response status is 200
2025-03-07T11:24:23.400+05:30  INFO 35256 --- [security-service] [AsyncResolver-bootstrap-executor-%d] c.n.d.s.r.aws.ConfigClusterResolver      : Resolving eureka endpoints via configuration
2025-03-07T11:25:32.518+05:30  INFO 35256 --- [security-service] [http-nio-9194-exec-1] o.a.c.c.C.[Tomcat].[localhost].[/]       : Initializing Spring DispatcherServlet 'dispatcherServlet'
2025-03-07T11:25:32.519+05:30  INFO 35256 --- [security-service] [http-nio-9194-exec-1] o.s.web.servlet.DispatcherServlet        : Initializing Servlet 'dispatcherServlet'
2025-03-07T11:25:32.522+05:30  INFO 35256 --- [security-service] [http-nio-9194-exec-1] o.s.web.servlet.DispatcherServlet        : Completed initialization in 3 ms
2025-03-07T11:29:23.412+05:30  INFO 35256 --- [security-service] [AsyncResolver-bootstrap-executor-%d] c.n.d.s.r.aws.ConfigClusterResolver      : Resolving eureka endpoints via configuration
2025-03-07T11:34:23.413+05:30  INFO 35256 --- [security-service] [AsyncResolver-bootstrap-executor-%d] c.n.d.s.r.aws.ConfigClusterResolver      : Resolving eureka endpoints via configuration
2025-03-07T11:52:00.628+05:30  WARN 35256 --- [security-service] [HikariPool-1 housekeeper] com.zaxxer.hikari.pool.HikariPool        : HikariPool-1 - Thread starvation or clock leap detected (housekeeper delta=17m12s301ms626µs900ns).
2025-03-07T12:03:58.754+05:30  WARN 35256 --- [security-service] [HikariPool-1 housekeeper] com.zaxxer.hikari.pool.HikariPool        : HikariPool-1 - Thread starvation or clock leap detected (housekeeper delta=8m58s72ms169µs800ns).
2025-03-07T12:04:33.792+05:30  INFO 35256 --- [security-service] [AsyncResolver-bootstrap-executor-%d] c.n.d.s.r.aws.ConfigClusterResolver      : Resolving eureka endpoints via configuration
2025-03-07T12:08:22.026+05:30  INFO 35256 --- [security-service] [http-nio-9194-exec-9] o.apache.coyote.http11.Http11Processor   : Error parsing HTTP request header
 Note: further occurrences of HTTP request parsing errors will be logged at DEBUG level.

java.lang.IllegalArgumentException: Invalid character found in method name [0x160x030x030x010xf40x010x000x010xf00x030x030xb40x960x10S+0xaa%0xe50x13G0xbf0xf2x0xa9L=u0x8c>\N0x06{0xa30xfe60xf70xea0xb20xfb0xee50x000x01|0x000x000x000x010x000x020x000x030x000x040x000x050x000x060x000x070x000x080x000x090x000x0a0x000x0b0x000x0c0x000x0d0x000x0e0x000x0f0x000x100x000x110x000x120x000x130x000x140x000x150x000x160x000x170x000x180x000x190x000x1a0x000x1b0x00/0x0000x0010x0020x0030x0040x0050x0060x0070x0080x0090x00:0x00;0x00<0x00=0x00>0x00?0x00@0x00A0x00B0x00C0x00D0x00E0x00F0x00g0x00h0x00i0x00j0x00k0x00l0x00m0x000x840x000x850x000x860x000x870x000x880x000x890x000x960x000x970x000x980x000x990x000x9a0x000x9b0x000x9c0x000x9d0x000x9e0x000x9f0x000xa00x000xa10x000xa20x000xa30x000xa40x000xa50x000xa60x000xa70x000xba0x000xbb0x000xbc0x000xbd0x000xbe0x000xbf0x000xc00x000xc10x000xc20x000xc30x000xc40x000xc50x130x010x130x020x130x030x130x040x130x050xc00x010xc00x020xc00x030xc00x040xc00x050xc00x060xc00x070xc00x080xc00x090xc00x0a0xc00x0b0xc00x0c0xc00x0d0xc00x0e0xc00x0f0xc00x100xc00x110xc00x120xc00x130xc00x140xc00x150xc00x160xc00x170xc00x180xc00x190xc0#0xc0$0xc0%0xc0&0xc0'0xc0(0xc0)0xc0*0xc0+0xc0,0xc0-0xc0.0xc0/0xc000xc010xc020xc0r0xc0s0xc0t0xc0u0xc0v0xc0w0xc0x0xc0y0xc0z0xc0{0xc0|0xc0}0xc0~0xc00x7f0xc00x800xc00x810xc00x820xc00x830xc00x840xc00x850xc00x860xc00x870xc00x880xc00x890xc00x8a0xc00x8b0xc00x8c0xc00x8d0xc00x8e0xc00x8f0xc00x900xc00x910xc00x920xc00x930xc00x940xc00x950xc00x960xc00x970xc00x980xc00x990xc00x9a0xc00x9b0xcc0xa80xcc0xa90xcc0xaa0xcc0xab0xcc0xac0xcc0xad0xcc0xae0x020x000x010x00J0x000x0a0x000x0a0x000x080x000x170x000x190x000x180x000x160x000x0b0x000x040x030x000x010x020x000x0d0x0000x00.0x040x030x050x030x060x030x080x070x080x080x080x1a0x080x1b0x080x1c0x080x090x080x0a0x080x0b0x080x040x080x050x080x060x040x010x050x010x060x010x030x030x030x010x030x020x040x020x050x020x060x02...]. HTTP method names must be tokens
	at org.apache.coyote.http11.Http11InputBuffer.parseRequestLine(Http11InputBuffer.java:406) ~[tomcat-embed-core-10.1.34.jar:10.1.34]
	at org.apache.coyote.http11.Http11Processor.service(Http11Processor.java:270) ~[tomcat-embed-core-10.1.34.jar:10.1.34]
	at org.apache.coyote.AbstractProcessorLight.process(AbstractProcessorLight.java:63) ~[tomcat-embed-core-10.1.34.jar:10.1.34]
	at org.apache.coyote.AbstractProtocol$ConnectionHandler.process(AbstractProtocol.java:905) ~[tomcat-embed-core-10.1.34.jar:10.1.34]
	at org.apache.tomcat.util.net.NioEndpoint$SocketProcessor.doRun(NioEndpoint.java:1741) ~[tomcat-embed-core-10.1.34.jar:10.1.34]
	at org.apache.tomcat.util.net.SocketProcessorBase.run(SocketProcessorBase.java:52) ~[tomcat-embed-core-10.1.34.jar:10.1.34]
	at org.apache.tomcat.util.threads.ThreadPoolExecutor.runWorker(ThreadPoolExecutor.java:1190) ~[tomcat-embed-core-10.1.34.jar:10.1.34]
	at org.apache.tomcat.util.threads.ThreadPoolExecutor$Worker.run(ThreadPoolExecutor.java:659) ~[tomcat-embed-core-10.1.34.jar:10.1.34]
	at org.apache.tomcat.util.threads.TaskThread$WrappingRunnable.run(TaskThread.java:63) ~[tomcat-embed-core-10.1.34.jar:10.1.34]
	at java.base/java.lang.Thread.run(Thread.java:1583) ~[na:na]

2025-03-07T12:09:02.593+05:30  WARN 35256 --- [security-service] [HikariPool-1 housekeeper] com.zaxxer.hikari.pool.HikariPool        : HikariPool-1 - Thread starvation or clock leap detected (housekeeper delta=1m3s690ms433µs).
2025-03-07T12:10:07.483+05:30  INFO 35256 --- [security-service] [AsyncResolver-bootstrap-executor-%d] c.n.d.s.r.aws.ConfigClusterResolver      : Resolving eureka endpoints via configuration
2025-03-07T12:15:07.488+05:30  INFO 35256 --- [security-service] [AsyncResolver-bootstrap-executor-%d] c.n.d.s.r.aws.ConfigClusterResolver      : Resolving eureka endpoints via configuration
2025-03-07T12:20:07.499+05:30  INFO 35256 --- [security-service] [AsyncResolver-bootstrap-executor-%d] c.n.d.s.r.aws.ConfigClusterResolver      : Resolving eureka endpoints via configuration
2025-03-07T12:25:07.506+05:30  INFO 35256 --- [security-service] [AsyncResolver-bootstrap-executor-%d] c.n.d.s.r.aws.ConfigClusterResolver      : Resolving eureka endpoints via configuration
2025-03-07T12:30:07.512+05:30  INFO 35256 --- [security-service] [AsyncResolver-bootstrap-executor-%d] c.n.d.s.r.aws.ConfigClusterResolver      : Resolving eureka endpoints via configuration
2025-03-07T12:35:07.513+05:30  INFO 35256 --- [security-service] [AsyncResolver-bootstrap-executor-%d] c.n.d.s.r.aws.ConfigClusterResolver      : Resolving eureka endpoints via configuration
2025-03-07T12:40:07.515+05:30  INFO 35256 --- [security-service] [AsyncResolver-bootstrap-executor-%d] c.n.d.s.r.aws.ConfigClusterResolver      : Resolving eureka endpoints via configuration
2025-03-07T12:45:07.521+05:30  INFO 35256 --- [security-service] [AsyncResolver-bootstrap-executor-%d] c.n.d.s.r.aws.ConfigClusterResolver      : Resolving eureka endpoints via configuration
2025-03-07T12:50:07.550+05:30  INFO 35256 --- [security-service] [AsyncResolver-bootstrap-executor-%d] c.n.d.s.r.aws.ConfigClusterResolver      : Resolving eureka endpoints via configuration
2025-03-07T12:55:07.560+05:30  INFO 35256 --- [security-service] [AsyncResolver-bootstrap-executor-%d] c.n.d.s.r.aws.ConfigClusterResolver      : Resolving eureka endpoints via configuration
2025-03-07T13:00:07.562+05:30  INFO 35256 --- [security-service] [AsyncResolver-bootstrap-executor-%d] c.n.d.s.r.aws.ConfigClusterResolver      : Resolving eureka endpoints via configuration
2025-03-07T13:04:24.986+05:30  WARN 35256 --- [security-service] [HikariPool-1 housekeeper] com.zaxxer.hikari.pool.HikariPool        : HikariPool-1 - Thread starvation or clock leap detected (housekeeper delta=1m21s520ms647µs).
2025-03-07T13:05:59.082+05:30  INFO 35256 --- [security-service] [AsyncResolver-bootstrap-executor-%d] c.n.d.s.r.aws.ConfigClusterResolver      : Resolving eureka endpoints via configuration
2025-03-07T13:49:42.982+05:30  WARN 35256 --- [security-service] [HikariPool-1 housekeeper] com.zaxxer.hikari.pool.HikariPool        : HikariPool-1 - Thread starvation or clock leap detected (housekeeper delta=41m47s931ms384µs500ns).
2025-03-07T13:52:17.002+05:30  INFO 35256 --- [security-service] [AsyncResolver-bootstrap-executor-%d] c.n.d.s.r.aws.ConfigClusterResolver      : Resolving eureka endpoints via configuration
2025-03-07T13:55:25.529+05:30  WARN 35256 --- [security-service] [HikariPool-1 housekeeper] com.zaxxer.hikari.pool.HikariPool        : HikariPool-1 - Thread starvation or clock leap detected (housekeeper delta=2m12s478ms227µs700ns).
2025-03-07T13:58:59.485+05:30  INFO 35256 --- [security-service] [AsyncResolver-bootstrap-executor-%d] c.n.d.s.r.aws.ConfigClusterResolver      : Resolving eureka endpoints via configuration
2025-03-07T14:03:59.498+05:30  INFO 35256 --- [security-service] [AsyncResolver-bootstrap-executor-%d] c.n.d.s.r.aws.ConfigClusterResolver      : Resolving eureka endpoints via configuration
2025-03-07T14:08:59.505+05:30  INFO 35256 --- [security-service] [AsyncResolver-bootstrap-executor-%d] c.n.d.s.r.aws.ConfigClusterResolver      : Resolving eureka endpoints via configuration
2025-03-07T14:13:59.517+05:30  INFO 35256 --- [security-service] [AsyncResolver-bootstrap-executor-%d] c.n.d.s.r.aws.ConfigClusterResolver      : Resolving eureka endpoints via configuration
2025-03-07T14:18:59.531+05:30  INFO 35256 --- [security-service] [AsyncResolver-bootstrap-executor-%d] c.n.d.s.r.aws.ConfigClusterResolver      : Resolving eureka endpoints via configuration
